2021-03-06 19:50:53.900  INFO 6360 --- [main] com.borrow_books.BorrowBooksApplication  : Starting BorrowBooksApplication using Java 1.8.0_241 on LAPTOP-VFJQ669C with PID 6360 (F:\C1020G1_Pham_Hong_Son\module4\bai_9_aop_ exception_handling\bai_tap\ung_dung_muon_sach\build\classes\java\main started by HP in F:\C1020G1_Pham_Hong_Son\module4\bai_9_aop_ exception_handling\bai_tap\ung_dung_muon_sach)
2021-03-06 19:50:53.905  INFO 6360 --- [main] com.borrow_books.BorrowBooksApplication  : No active profile set, falling back to default profiles: default
2021-03-06 19:50:54.625  INFO 6360 --- [main] .s.d.r.c.RepositoryConfigurationDelegate : Bootstrapping Spring Data JPA repositories in DEFAULT mode.
2021-03-06 19:50:54.685  INFO 6360 --- [main] .s.d.r.c.RepositoryConfigurationDelegate : Finished Spring Data repository scanning in 50 ms. Found 1 JPA repository interfaces.
2021-03-06 19:50:55.291  INFO 6360 --- [main] o.s.b.w.embedded.tomcat.TomcatWebServer  : Tomcat initialized with port(s): 8080 (http)
2021-03-06 19:50:55.299  INFO 6360 --- [main] o.apache.catalina.core.StandardService   : Starting service [Tomcat]
2021-03-06 19:50:55.299  INFO 6360 --- [main] org.apache.catalina.core.StandardEngine  : Starting Servlet engine: [Apache Tomcat/9.0.43]
2021-03-06 19:50:55.432  INFO 6360 --- [main] o.a.c.c.C.[Tomcat].[localhost].[/]       : Initializing Spring embedded WebApplicationContext
2021-03-06 19:50:55.432  INFO 6360 --- [main] w.s.c.ServletWebServerApplicationContext : Root WebApplicationContext: initialization completed in 1475 ms
2021-03-06 19:50:55.588  INFO 6360 --- [main] o.hibernate.jpa.internal.util.LogHelper  : HHH000204: Processing PersistenceUnitInfo [name: default]
2021-03-06 19:50:55.635  INFO 6360 --- [main] org.hibernate.Version                    : HHH000412: Hibernate ORM core version 5.4.28.Final
2021-03-06 19:50:55.836  INFO 6360 --- [main] o.hibernate.annotations.common.Version   : HCANN000001: Hibernate Commons Annotations {5.1.2.Final}
2021-03-06 19:50:55.932  INFO 6360 --- [main] com.zaxxer.hikari.HikariDataSource       : HikariPool-1 - Starting...
2021-03-06 19:50:56.470  INFO 6360 --- [main] com.zaxxer.hikari.HikariDataSource       : HikariPool-1 - Start completed.
2021-03-06 19:50:56.494  INFO 6360 --- [main] org.hibernate.dialect.Dialect            : HHH000400: Using dialect: org.hibernate.dialect.MySQL8Dialect
2021-03-06 19:50:57.189  INFO 6360 --- [main] o.h.e.t.j.p.i.JtaPlatformInitiator       : HHH000490: Using JtaPlatform implementation: [org.hibernate.engine.transaction.jta.platform.internal.NoJtaPlatform]
2021-03-06 19:50:57.199  INFO 6360 --- [main] j.LocalContainerEntityManagerFactoryBean : Initialized JPA EntityManagerFactory for persistence unit 'default'
2021-03-06 19:50:57.747  WARN 6360 --- [main] JpaBaseConfiguration$JpaWebConfiguration : spring.jpa.open-in-view is enabled by default. Therefore, database queries may be performed during view rendering. Explicitly configure spring.jpa.open-in-view to disable this warning
2021-03-06 19:50:57.903  INFO 6360 --- [main] o.s.s.concurrent.ThreadPoolTaskExecutor  : Initializing ExecutorService 'applicationTaskExecutor'
2021-03-06 19:50:58.264  INFO 6360 --- [main] o.s.b.w.embedded.tomcat.TomcatWebServer  : Tomcat started on port(s): 8080 (http) with context path ''
2021-03-06 19:50:58.278  INFO 6360 --- [main] com.borrow_books.BorrowBooksApplication  : Started BorrowBooksApplication in 4.939 seconds (JVM running for 5.86)
2021-03-06 19:51:02.127  INFO 6360 --- [http-nio-8080-exec-1] o.a.c.c.C.[Tomcat].[localhost].[/]       : Initializing Spring DispatcherServlet 'dispatcherServlet'
2021-03-06 19:51:02.127  INFO 6360 --- [http-nio-8080-exec-1] o.s.web.servlet.DispatcherServlet        : Initializing Servlet 'dispatcherServlet'
2021-03-06 19:51:02.130  INFO 6360 --- [http-nio-8080-exec-1] o.s.web.servlet.DispatcherServlet        : Completed initialization in 3 ms
2021-03-06 19:51:02.574 DEBUG 6360 --- [http-nio-8080-exec-1] c.b.controller.LibraryController         : Số người ghé thăm : 1
2021-03-06 19:51:17.384 DEBUG 6360 --- [http-nio-8080-exec-3] c.b.controller.LibraryController         : Số người ghé thăm : 2
2021-03-06 19:51:54.708  INFO 10728 --- [main] com.borrow_books.BorrowBooksApplication  : Starting BorrowBooksApplication using Java 1.8.0_241 on LAPTOP-VFJQ669C with PID 10728 (F:\C1020G1_Pham_Hong_Son\module4\bai_9_aop_ exception_handling\bai_tap\ung_dung_muon_sach\build\classes\java\main started by HP in F:\C1020G1_Pham_Hong_Son\module4\bai_9_aop_ exception_handling\bai_tap\ung_dung_muon_sach)
2021-03-06 19:51:54.711  INFO 10728 --- [main] com.borrow_books.BorrowBooksApplication  : No active profile set, falling back to default profiles: default
2021-03-06 19:51:55.613  INFO 10728 --- [main] .s.d.r.c.RepositoryConfigurationDelegate : Bootstrapping Spring Data JPA repositories in DEFAULT mode.
2021-03-06 19:51:55.682  INFO 10728 --- [main] .s.d.r.c.RepositoryConfigurationDelegate : Finished Spring Data repository scanning in 58 ms. Found 1 JPA repository interfaces.
2021-03-06 19:51:56.468  INFO 10728 --- [main] o.s.b.w.embedded.tomcat.TomcatWebServer  : Tomcat initialized with port(s): 8080 (http)
2021-03-06 19:51:56.479  INFO 10728 --- [main] o.apache.catalina.core.StandardService   : Starting service [Tomcat]
2021-03-06 19:51:56.479  INFO 10728 --- [main] org.apache.catalina.core.StandardEngine  : Starting Servlet engine: [Apache Tomcat/9.0.43]
2021-03-06 19:51:56.649  INFO 10728 --- [main] o.a.c.c.C.[Tomcat].[localhost].[/]       : Initializing Spring embedded WebApplicationContext
2021-03-06 19:51:56.650  INFO 10728 --- [main] w.s.c.ServletWebServerApplicationContext : Root WebApplicationContext: initialization completed in 1872 ms
2021-03-06 19:51:56.838  INFO 10728 --- [main] o.hibernate.jpa.internal.util.LogHelper  : HHH000204: Processing PersistenceUnitInfo [name: default]
2021-03-06 19:51:56.889  INFO 10728 --- [main] org.hibernate.Version                    : HHH000412: Hibernate ORM core version 5.4.28.Final
2021-03-06 19:51:57.107  INFO 10728 --- [main] o.hibernate.annotations.common.Version   : HCANN000001: Hibernate Commons Annotations {5.1.2.Final}
2021-03-06 19:51:57.201  INFO 10728 --- [main] com.zaxxer.hikari.HikariDataSource       : HikariPool-1 - Starting...
2021-03-06 19:51:57.740  INFO 10728 --- [main] com.zaxxer.hikari.HikariDataSource       : HikariPool-1 - Start completed.
2021-03-06 19:51:57.761  INFO 10728 --- [main] org.hibernate.dialect.Dialect            : HHH000400: Using dialect: org.hibernate.dialect.MySQL8Dialect
2021-03-06 19:51:58.512  INFO 10728 --- [main] o.h.e.t.j.p.i.JtaPlatformInitiator       : HHH000490: Using JtaPlatform implementation: [org.hibernate.engine.transaction.jta.platform.internal.NoJtaPlatform]
2021-03-06 19:51:58.525  INFO 10728 --- [main] j.LocalContainerEntityManagerFactoryBean : Initialized JPA EntityManagerFactory for persistence unit 'default'
2021-03-06 19:51:59.103  WARN 10728 --- [main] JpaBaseConfiguration$JpaWebConfiguration : spring.jpa.open-in-view is enabled by default. Therefore, database queries may be performed during view rendering. Explicitly configure spring.jpa.open-in-view to disable this warning
2021-03-06 19:51:59.291  INFO 10728 --- [main] o.s.s.concurrent.ThreadPoolTaskExecutor  : Initializing ExecutorService 'applicationTaskExecutor'
2021-03-06 19:51:59.588  INFO 10728 --- [main] o.s.b.w.embedded.tomcat.TomcatWebServer  : Tomcat started on port(s): 8080 (http) with context path ''
2021-03-06 19:51:59.601  INFO 10728 --- [main] com.borrow_books.BorrowBooksApplication  : Started BorrowBooksApplication in 5.469 seconds (JVM running for 6.569)
2021-03-06 19:52:03.893  INFO 10728 --- [http-nio-8080-exec-1] o.a.c.c.C.[Tomcat].[localhost].[/]       : Initializing Spring DispatcherServlet 'dispatcherServlet'
2021-03-06 19:52:03.894  INFO 10728 --- [http-nio-8080-exec-1] o.s.web.servlet.DispatcherServlet        : Initializing Servlet 'dispatcherServlet'
2021-03-06 19:52:03.895  INFO 10728 --- [http-nio-8080-exec-1] o.s.web.servlet.DispatcherServlet        : Completed initialization in 1 ms
2021-03-06 19:52:04.266 DEBUG 10728 --- [http-nio-8080-exec-1] c.b.controller.LibraryController         : Số người ghé thăm : 1
2021-03-06 19:52:06.308 DEBUG 10728 --- [http-nio-8080-exec-2] c.b.controller.LibraryController         : Có lỗi xảy ra: Could not commit JPA transaction; nested exception is javax.persistence.RollbackException: Error while committing the transaction
2021-03-06 19:52:23.210 DEBUG 10728 --- [http-nio-8080-exec-3] c.b.controller.LibraryController         : Số người ghé thăm : 2
2021-03-06 19:52:28.240 DEBUG 10728 --- [http-nio-8080-exec-4] c.b.controller.LibraryController         : Có lỗi xảy ra: Could not commit JPA transaction; nested exception is javax.persistence.RollbackException: Error while committing the transaction
2021-03-06 19:52:34.259 DEBUG 10728 --- [http-nio-8080-exec-5] c.b.controller.LibraryController         : Số người ghé thăm : 3
2021-03-06 19:52:37.336 DEBUG 10728 --- [http-nio-8080-exec-7] c.b.controller.LibraryController         : Có lỗi xảy ra: null
2021-03-06 19:54:18.433 DEBUG 10728 --- [http-nio-8080-exec-10] c.b.controller.LibraryController         : Số người ghé thăm : 4
2021-03-06 19:54:24.093 DEBUG 10728 --- [http-nio-8080-exec-2] c.b.controller.LibraryController         : Sách vừa được trả mã: xxxxx; số lượng còn: 1
2021-03-06 19:54:24.124 DEBUG 10728 --- [http-nio-8080-exec-3] c.b.controller.LibraryController         : Số người ghé thăm : 5
2021-03-06 19:54:28.715 DEBUG 10728 --- [http-nio-8080-exec-5] c.b.controller.LibraryController         : Sách vừa được trả mã: aaaaa; số lượng còn: 1
2021-03-06 19:54:28.731 DEBUG 10728 --- [http-nio-8080-exec-6] c.b.controller.LibraryController         : Số người ghé thăm : 6
